# JRE version: OpenJDK Runtime Environment Corretto-11.0.20.8.1 (11.0.20+8) (build 11.0.20+8-LTS)
# Java VM: OpenJDK 64-Bit Server VM Corretto-11.0.20.8.1 (11.0.20+8-LTS, mixed mode, tiered, compressed oops, g1 gc, linux-amd64)
Heap:
 garbage-first heap   total 199680K, used 139360K [0x00000000c2e00000, 0x0000000100000000)
  region size 1024K, 73 young (74752K), 6 survivors (6144K)
 Metaspace       used 57789K, capacity 59598K, committed 59828K, reserved 1101824K
  class space    used 6220K, capacity 6949K, committed 7012K, reserved 1048576K
GC Heap History (20 events):
Event: 19,017 GC heap before
{Heap before GC invocations=25 (full 0):
 garbage-first heap   total 138240K, used 123245K [0x00000000c2e00000, 0x0000000100000000)
  region size 1024K, 48 young (49152K), 6 survivors (6144K)
 Metaspace       used 52713K, capacity 54309K, committed 54452K, reserved 1097728K
  class space    used 5775K, capacity 6407K, committed 6500K, reserved 1048576K
}
Event: 19,035 GC heap after
{Heap after GC invocations=26 (full 0):
 garbage-first heap   total 138240K, used 50907K [0x00000000c2e00000, 0x0000000100000000)
  region size 1024K, 4 young (4096K), 4 survivors (4096K)
 Metaspace       used 52713K, capacity 54309K, committed 54452K, reserved 1097728K
  class space    used 5775K, capacity 6407K, committed 6500K, reserved 1048576K
}
Event: 19,262 GC heap before
{Heap before GC invocations=26 (full 0):
 garbage-first heap   total 138240K, used 52955K [0x00000000c2e00000, 0x0000000100000000)
  region size 1024K, 6 young (6144K), 4 survivors (4096K)
 Metaspace       used 52745K, capacity 54327K, committed 54452K, reserved 1097728K
  class space    used 5780K, capacity 6413K, committed 6500K, reserved 1048576K
}
Event: 19,279 GC heap after
{Heap after GC invocations=27 (full 0):
 garbage-first heap   total 138240K, used 45064K [0x00000000c2e00000, 0x0000000100000000)
  region size 1024K, 1 young (1024K), 1 survivors (1024K)
 Metaspace       used 52745K, capacity 54327K, committed 54452K, reserved 1097728K
  class space    used 5780K, capacity 6413K, committed 6500K, reserved 1048576K
}
Event: 20,921 GC heap before
{Heap before GC invocations=27 (full 0):
 garbage-first heap   total 138240K, used 105480K [0x00000000c2e00000, 0x0000000100000000)
  region size 1024K, 57 young (58368K), 1 survivors (1024K)
 Metaspace       used 53248K, capacity 54941K, committed 55220K, reserved 1097728K
  class space    used 5815K, capacity 6467K, committed 6500K, reserved 1048576K
}
Event: 20,952 GC heap after
{Heap after GC invocations=28 (full 0):
 garbage-first heap   total 138240K, used 58686K [0x00000000c2e00000, 0x0000000100000000)
  region size 1024K, 8 young (8192K), 8 survivors (8192K)
 Metaspace       used 53248K, capacity 54941K, committed 55220K, reserved 1097728K
  class space    used 5815K, capacity 6467K, committed 6500K, reserved 1048576K
}
Event: 21,535 GC heap before
{Heap before GC invocations=28 (full 0):
 garbage-first heap   total 138240K, used 102718K [0x00000000c2e00000, 0x0000000100000000)
  region size 1024K, 52 young (53248K), 8 survivors (8192K)
 Metaspace       used 54047K, capacity 55818K, committed 55860K, reserved 1099776K
  class space    used 5910K, capacity 6612K, committed 6628K, reserved 1048576K
}
Event: 21,566 GC heap after
{Heap after GC invocations=29 (full 0):
 garbage-first heap   total 165888K, used 63616K [0x00000000c2e00000, 0x0000000100000000)
  region size 1024K, 5 young (5120K), 5 survivors (5120K)
 Metaspace       used 54047K, capacity 55818K, committed 55860K, reserved 1099776K
  class space    used 5910K, capacity 6612K, committed 6628K, reserved 1048576K
}
Event: 22,095 GC heap before
{Heap before GC invocations=29 (full 0):
 garbage-first heap   total 165888K, used 115840K [0x00000000c2e00000, 0x0000000100000000)
  region size 1024K, 57 young (58368K), 5 survivors (5120K)
 Metaspace       used 55187K, capacity 56905K, committed 57012K, reserved 1099776K
  class space    used 6024K, capacity 6713K, committed 6756K, reserved 1048576K
}
Event: 22,116 GC heap after
{Heap after GC invocations=30 (full 0):
 garbage-first heap   total 165888K, used 64873K [0x00000000c2e00000, 0x0000000100000000)
  region size 1024K, 1 young (1024K), 1 survivors (1024K)
 Metaspace       used 55187K, capacity 56905K, committed 57012K, reserved 1099776K
  class space    used 6024K, capacity 6713K, committed 6756K, reserved 1048576K
}
Event: 22,524 GC heap before
{Heap before GC invocations=30 (full 0):
 garbage-first heap   total 165888K, used 120169K [0x00000000c2e00000, 0x0000000100000000)
  region size 1024K, 55 young (56320K), 1 survivors (1024K)
 Metaspace       used 55336K, capacity 57162K, committed 57268K, reserved 1099776K
  class space    used 6030K, capacity 6748K, committed 6756K, reserved 1048576K
}
Event: 22,540 GC heap after
{Heap after GC invocations=31 (full 0):
 garbage-first heap   total 165888K, used 65978K [0x00000000c2e00000, 0x0000000100000000)
  region size 1024K, 2 young (2048K), 2 survivors (2048K)
 Metaspace       used 55336K, capacity 57162K, committed 57268K, reserved 1099776K
  class space    used 6030K, capacity 6748K, committed 6756K, reserved 1048576K
}
Event: 23,491 GC heap before
{Heap before GC invocations=31 (full 0):
 garbage-first heap   total 165888K, used 123322K [0x00000000c2e00000, 0x0000000100000000)
  region size 1024K, 58 young (59392K), 2 survivors (2048K)
 Metaspace       used 55816K, capacity 57584K, committed 57780K, reserved 1099776K
  class space    used 6047K, capacity 6756K, committed 6756K, reserved 1048576K
}
Event: 23,513 GC heap after
{Heap after GC invocations=32 (full 0):
 garbage-first heap   total 165888K, used 66942K [0x00000000c2e00000, 0x0000000100000000)
  region size 1024K, 3 young (3072K), 3 survivors (3072K)
 Metaspace       used 55816K, capacity 57584K, committed 57780K, reserved 1099776K
  class space    used 6047K, capacity 6756K, committed 6756K, reserved 1048576K
}
Event: 24,205 GC heap before
{Heap before GC invocations=32 (full 0):
 garbage-first heap   total 165888K, used 125310K [0x00000000c2e00000, 0x0000000100000000)
  region size 1024K, 60 young (61440K), 3 survivors (3072K)
 Metaspace       used 56165K, capacity 57931K, committed 58164K, reserved 1101824K
  class space    used 6053K, capacity 6762K, committed 6884K, reserved 1048576K
}
Event: 24,232 GC heap after
{Heap after GC invocations=33 (full 0):
 garbage-first heap   total 165888K, used 67072K [0x00000000c2e00000, 0x0000000100000000)
  region size 1024K, 4 young (4096K), 4 survivors (4096K)
 Metaspace       used 56165K, capacity 57931K, committed 58164K, reserved 1101824K
  class space    used 6053K, capacity 6762K, committed 6884K, reserved 1048576K
}
Event: 24,775 GC heap before
{Heap before GC invocations=33 (full 0):
 garbage-first heap   total 165888K, used 126464K [0x00000000c2e00000, 0x0000000100000000)
  region size 1024K, 62 young (63488K), 4 survivors (4096K)
 Metaspace       used 57468K, capacity 59275K, committed 59572K, reserved 1101824K
  class space    used 6207K, capacity 6931K, committed 7012K, reserved 1048576K
}
Event: 24,803 GC heap after
{Heap after GC invocations=34 (full 0):
 garbage-first heap   total 165888K, used 70144K [0x00000000c2e00000, 0x0000000100000000)
  region size 1024K, 7 young (7168K), 7 survivors (7168K)
 Metaspace       used 57468K, capacity 59275K, committed 59572K, reserved 1101824K
  class space    used 6207K, capacity 6931K, committed 7012K, reserved 1048576K
}
Event: 25,265 GC heap before
{Heap before GC invocations=34 (full 0):
 garbage-first heap   total 165888K, used 129536K [0x00000000c2e00000, 0x0000000100000000)
  region size 1024K, 65 young (66560K), 7 survivors (7168K)
 Metaspace       used 57698K, capacity 59523K, committed 59828K, reserved 1101824K
  class space    used 6219K, capacity 6948K, committed 7012K, reserved 1048576K
}
Event: 25,290 GC heap after
{Heap after GC invocations=35 (full 0):
 garbage-first heap   total 199680K, used 71776K [0x00000000c2e00000, 0x0000000100000000)
  region size 1024K, 6 young (6144K), 6 survivors (6144K)
 Metaspace       used 57698K, capacity 59523K, committed 59828K, reserved 1101824K
  class space    used 6219K, capacity 6948K, committed 7012K, reserved 1048576K
}

